{
    "meta": {
        "version": "7.3.3",
        "timestamp": "2023-12-25T15:12:22.703495",
        "branch_coverage": false,
        "show_contexts": false
    },
    "files": {
        "archiver/__init__.py": {
            "executed_lines": [
                1
            ],
            "summary": {
                "covered_lines": 0,
                "num_statements": 0,
                "percent_covered": 100.0,
                "percent_covered_display": "100",
                "missing_lines": 0,
                "excluded_lines": 0
            },
            "missing_lines": [],
            "excluded_lines": []
        },
        "archiver/is_available.py": {
            "executed_lines": [
                1,
                2,
                3,
                4,
                5,
                6,
                8,
                9,
                10,
                19,
                20,
                21
            ],
            "summary": {
                "covered_lines": 12,
                "num_statements": 14,
                "percent_covered": 85.71428571428571,
                "percent_covered_display": "86",
                "missing_lines": 2,
                "excluded_lines": 0
            },
            "missing_lines": [
                17,
                18
            ],
            "excluded_lines": []
        },
        "archiver/secgen.py": {
            "executed_lines": [
                1,
                3
            ],
            "summary": {
                "covered_lines": 2,
                "num_statements": 6,
                "percent_covered": 33.333333333333336,
                "percent_covered_display": "33",
                "missing_lines": 4,
                "excluded_lines": 0
            },
            "missing_lines": [
                4,
                5,
                6,
                7
            ],
            "excluded_lines": []
        },
        "archiver/settings.py": {
            "executed_lines": [
                1,
                12,
                13,
                14,
                15,
                16,
                17,
                21,
                37,
                43,
                45,
                49,
                68,
                79,
                81,
                97,
                103,
                123,
                142,
                144,
                146,
                148,
                150,
                155,
                158,
                159,
                161,
                162,
                167,
                168,
                169,
                170,
                171,
                174,
                175,
                176,
                177,
                178,
                179,
                180,
                183,
                186,
                187,
                213,
                215,
                217,
                218,
                219,
                220,
                223,
                224,
                225,
                226,
                228,
                229,
                231,
                237,
                241,
                242,
                244,
                247,
                250,
                253,
                254,
                256,
                262,
                263,
                264,
                265,
                266,
                267
            ],
            "summary": {
                "covered_lines": 70,
                "num_statements": 70,
                "percent_covered": 100.0,
                "percent_covered_display": "100",
                "missing_lines": 0,
                "excluded_lines": 0
            },
            "missing_lines": [],
            "excluded_lines": []
        },
        "archiver/storage_backend.py": {
            "executed_lines": [
                1,
                3,
                4,
                5,
                6,
                7
            ],
            "summary": {
                "covered_lines": 6,
                "num_statements": 6,
                "percent_covered": 100.0,
                "percent_covered_display": "100",
                "missing_lines": 0,
                "excluded_lines": 0
            },
            "missing_lines": [],
            "excluded_lines": []
        },
        "archiver/urls.py": {
            "executed_lines": [
                1,
                16,
                17,
                18,
                19,
                20,
                21,
                22,
                30,
                31,
                33,
                48
            ],
            "summary": {
                "covered_lines": 11,
                "num_statements": 13,
                "percent_covered": 84.61538461538461,
                "percent_covered_display": "85",
                "missing_lines": 2,
                "excluded_lines": 0
            },
            "missing_lines": [
                49,
                50
            ],
            "excluded_lines": []
        },
        "archiver/views.py": {
            "executed_lines": [
                1,
                2,
                3,
                4,
                6,
                7,
                9
            ],
            "summary": {
                "covered_lines": 7,
                "num_statements": 14,
                "percent_covered": 50.0,
                "percent_covered_display": "50",
                "missing_lines": 7,
                "excluded_lines": 0
            },
            "missing_lines": [
                10,
                11,
                12,
                13,
                14,
                15,
                17
            ],
            "excluded_lines": []
        },
        "cluster/__init__.py": {
            "executed_lines": [
                1
            ],
            "summary": {
                "covered_lines": 0,
                "num_statements": 0,
                "percent_covered": 100.0,
                "percent_covered_display": "100",
                "missing_lines": 0,
                "excluded_lines": 0
            },
            "missing_lines": [],
            "excluded_lines": []
        },
        "cluster/admin.py": {
            "executed_lines": [
                1,
                2,
                4,
                5,
                6,
                7,
                8
            ],
            "summary": {
                "covered_lines": 7,
                "num_statements": 7,
                "percent_covered": 100.0,
                "percent_covered_display": "100",
                "missing_lines": 0,
                "excluded_lines": 0
            },
            "missing_lines": [],
            "excluded_lines": []
        },
        "cluster/apps.py": {
            "executed_lines": [
                1,
                4,
                5,
                6
            ],
            "summary": {
                "covered_lines": 4,
                "num_statements": 4,
                "percent_covered": 100.0,
                "percent_covered_display": "100",
                "missing_lines": 0,
                "excluded_lines": 0
            },
            "missing_lines": [],
            "excluded_lines": []
        },
        "cluster/forms.py": {
            "executed_lines": [
                1,
                2,
                3,
                4,
                5,
                7,
                9,
                10,
                12,
                16,
                26,
                27,
                28,
                29,
                30,
                32,
                34,
                35,
                37,
                41,
                49,
                50,
                51,
                53,
                55,
                57,
                58,
                59,
                60,
                61,
                63,
                64,
                65,
                68,
                76,
                83,
                85,
                86,
                87,
                90,
                97,
                102,
                110,
                112,
                113,
                115,
                116,
                119,
                120,
                121,
                124,
                133,
                140,
                142,
                143,
                144,
                147,
                156,
                162,
                163
            ],
            "summary": {
                "covered_lines": 60,
                "num_statements": 77,
                "percent_covered": 77.92207792207792,
                "percent_covered_display": "78",
                "missing_lines": 17,
                "excluded_lines": 0
            },
            "missing_lines": [
                52,
                78,
                79,
                80,
                81,
                103,
                104,
                105,
                106,
                134,
                135,
                136,
                137,
                157,
                158,
                159,
                160
            ],
            "excluded_lines": []
        },
        "cluster/migrations/0001_initial.py": {
            "executed_lines": [
                3,
                4,
                5,
                8,
                10,
                12,
                16
            ],
            "summary": {
                "covered_lines": 7,
                "num_statements": 7,
                "percent_covered": 100.0,
                "percent_covered_display": "100",
                "missing_lines": 0,
                "excluded_lines": 0
            },
            "missing_lines": [],
            "excluded_lines": []
        },
        "cluster/migrations/0002_auto_20211125_1020.py": {
            "executed_lines": [
                3,
                4,
                5,
                8,
                10,
                15
            ],
            "summary": {
                "covered_lines": 6,
                "num_statements": 6,
                "percent_covered": 100.0,
                "percent_covered_display": "100",
                "missing_lines": 0,
                "excluded_lines": 0
            },
            "missing_lines": [],
            "excluded_lines": []
        },
        "cluster/migrations/0003_auto_20211126_1510.py": {
            "executed_lines": [
                3,
                6,
                8,
                12
            ],
            "summary": {
                "covered_lines": 4,
                "num_statements": 4,
                "percent_covered": 100.0,
                "percent_covered_display": "100",
                "missing_lines": 0,
                "excluded_lines": 0
            },
            "missing_lines": [],
            "excluded_lines": []
        },
        "cluster/migrations/0004_auto_20211127_1034.py": {
            "executed_lines": [
                3,
                6,
                8,
                12
            ],
            "summary": {
                "covered_lines": 4,
                "num_statements": 4,
                "percent_covered": 100.0,
                "percent_covered_display": "100",
                "missing_lines": 0,
                "excluded_lines": 0
            },
            "missing_lines": [],
            "excluded_lines": []
        },
        "cluster/migrations/0005_notemodel_is_verified.py": {
            "executed_lines": [
                3,
                6,
                8,
                12
            ],
            "summary": {
                "covered_lines": 4,
                "num_statements": 4,
                "percent_covered": 100.0,
                "percent_covered_display": "100",
                "missing_lines": 0,
                "excluded_lines": 0
            },
            "missing_lines": [],
            "excluded_lines": []
        },
        "cluster/migrations/0006_alter_notemodel_body.py": {
            "executed_lines": [
                3,
                6,
                8,
                12
            ],
            "summary": {
                "covered_lines": 4,
                "num_statements": 4,
                "percent_covered": 100.0,
                "percent_covered_display": "100",
                "missing_lines": 0,
                "excluded_lines": 0
            },
            "missing_lines": [],
            "excluded_lines": []
        },
        "cluster/migrations/0007_auto_20211213_0931.py": {
            "executed_lines": [
                3,
                4,
                5,
                8,
                10,
                15
            ],
            "summary": {
                "covered_lines": 6,
                "num_statements": 6,
                "percent_covered": 100.0,
                "percent_covered_display": "100",
                "missing_lines": 0,
                "excluded_lines": 0
            },
            "missing_lines": [],
            "excluded_lines": []
        },
        "cluster/migrations/0008_notemodel_cover.py": {
            "executed_lines": [
                3,
                6,
                8,
                12
            ],
            "summary": {
                "covered_lines": 4,
                "num_statements": 4,
                "percent_covered": 100.0,
                "percent_covered_display": "100",
                "missing_lines": 0,
                "excluded_lines": 0
            },
            "missing_lines": [],
            "excluded_lines": []
        },
        "cluster/migrations/0009_auto_20211218_0711.py": {
            "executed_lines": [
                3,
                4,
                5,
                8,
                10,
                15
            ],
            "summary": {
                "covered_lines": 6,
                "num_statements": 6,
                "percent_covered": 100.0,
                "percent_covered_display": "100",
                "missing_lines": 0,
                "excluded_lines": 0
            },
            "missing_lines": [],
            "excluded_lines": []
        },
        "cluster/migrations/0010_notestatsmodel.py": {
            "executed_lines": [
                3,
                4,
                7,
                9,
                13
            ],
            "summary": {
                "covered_lines": 5,
                "num_statements": 5,
                "percent_covered": 100.0,
                "percent_covered_display": "100",
                "missing_lines": 0,
                "excluded_lines": 0
            },
            "missing_lines": [],
            "excluded_lines": []
        },
        "cluster/migrations/0011_alter_clustermodel_description.py": {
            "executed_lines": [
                3,
                6,
                8,
                12
            ],
            "summary": {
                "covered_lines": 4,
                "num_statements": 4,
                "percent_covered": 100.0,
                "percent_covered_display": "100",
                "missing_lines": 0,
                "excluded_lines": 0
            },
            "missing_lines": [],
            "excluded_lines": []
        },
        "cluster/migrations/0012_clustergallery.py": {
            "executed_lines": [
                3,
                4,
                7,
                9,
                13
            ],
            "summary": {
                "covered_lines": 5,
                "num_statements": 5,
                "percent_covered": 100.0,
                "percent_covered_display": "100",
                "missing_lines": 0,
                "excluded_lines": 0
            },
            "missing_lines": [],
            "excluded_lines": []
        },
        "cluster/migrations/0013_alter_notemodel_body.py": {
            "executed_lines": [
                3,
                6,
                8,
                12
            ],
            "summary": {
                "covered_lines": 4,
                "num_statements": 4,
                "percent_covered": 100.0,
                "percent_covered_display": "100",
                "missing_lines": 0,
                "excluded_lines": 0
            },
            "missing_lines": [],
            "excluded_lines": []
        },
        "cluster/migrations/0014_clustermodel_cover.py": {
            "executed_lines": [
                3,
                6,
                8,
                12
            ],
            "summary": {
                "covered_lines": 4,
                "num_statements": 4,
                "percent_covered": 100.0,
                "percent_covered_display": "100",
                "missing_lines": 0,
                "excluded_lines": 0
            },
            "missing_lines": [],
            "excluded_lines": []
        },
        "cluster/migrations/0015_auto_20230228_1618.py": {
            "executed_lines": [
                3,
                6,
                8,
                12
            ],
            "summary": {
                "covered_lines": 4,
                "num_statements": 4,
                "percent_covered": 100.0,
                "percent_covered_display": "100",
                "missing_lines": 0,
                "excluded_lines": 0
            },
            "missing_lines": [],
            "excluded_lines": []
        },
        "cluster/migrations/0016_clustermodel_members.py": {
            "executed_lines": [
                3,
                4,
                7,
                9,
                14
            ],
            "summary": {
                "covered_lines": 5,
                "num_statements": 5,
                "percent_covered": 100.0,
                "percent_covered_display": "100",
                "missing_lines": 0,
                "excluded_lines": 0
            },
            "missing_lines": [],
            "excluded_lines": []
        },
        "cluster/migrations/0017_auto_20230322_1119.py": {
            "executed_lines": [
                3,
                4,
                7,
                9,
                13
            ],
            "summary": {
                "covered_lines": 5,
                "num_statements": 5,
                "percent_covered": 100.0,
                "percent_covered_display": "100",
                "missing_lines": 0,
                "excluded_lines": 0
            },
            "missing_lines": [],
            "excluded_lines": []
        },
        "cluster/migrations/0018_cliffnotemodel.py": {
            "executed_lines": [
                3,
                4,
                5,
                8,
                10,
                15
            ],
            "summary": {
                "covered_lines": 6,
                "num_statements": 6,
                "percent_covered": 100.0,
                "percent_covered_display": "100",
                "missing_lines": 0,
                "excluded_lines": 0
            },
            "missing_lines": [],
            "excluded_lines": []
        },
        "cluster/migrations/0019_cliffnotemodel_date.py": {
            "executed_lines": [
                3,
                6,
                8,
                12
            ],
            "summary": {
                "covered_lines": 4,
                "num_statements": 4,
                "percent_covered": 100.0,
                "percent_covered_display": "100",
                "missing_lines": 0,
                "excluded_lines": 0
            },
            "missing_lines": [],
            "excluded_lines": []
        },
        "cluster/migrations/__init__.py": {
            "executed_lines": [
                1
            ],
            "summary": {
                "covered_lines": 0,
                "num_statements": 0,
                "percent_covered": 100.0,
                "percent_covered_display": "100",
                "missing_lines": 0,
                "excluded_lines": 0
            },
            "missing_lines": [],
            "excluded_lines": []
        },
        "cluster/mixins.py": {
            "executed_lines": [
                1,
                2,
                3,
                4,
                6,
                10,
                11,
                14,
                15,
                17,
                18,
                19,
                20,
                21,
                22,
                23,
                24,
                26,
                27,
                32,
                34,
                35,
                36,
                37,
                38,
                41,
                42,
                44,
                45,
                46,
                50,
                51,
                55,
                56,
                57,
                58,
                60
            ],
            "summary": {
                "covered_lines": 33,
                "num_statements": 34,
                "percent_covered": 97.05882352941177,
                "percent_covered_display": "97",
                "missing_lines": 1,
                "excluded_lines": 0
            },
            "missing_lines": [
                59
            ],
            "excluded_lines": []
        },
        "cluster/models.py": {
            "executed_lines": [
                1,
                2,
                6,
                8,
                9,
                13,
                14,
                15,
                16,
                17,
                18,
                19,
                20,
                22,
                23,
                26,
                27,
                28,
                29,
                30,
                31,
                32,
                33,
                34,
                35,
                37,
                38,
                39,
                41,
                42,
                43,
                50,
                53,
                54,
                60,
                61,
                62,
                64,
                74,
                75,
                76,
                78,
                84,
                85,
                86,
                87,
                88,
                89,
                91
            ],
            "summary": {
                "covered_lines": 49,
                "num_statements": 53,
                "percent_covered": 92.45283018867924,
                "percent_covered_display": "92",
                "missing_lines": 4,
                "excluded_lines": 0
            },
            "missing_lines": [
                51,
                65,
                79,
                92
            ],
            "excluded_lines": []
        },
        "cluster/tests/__init__.py": {
            "executed_lines": [
                1
            ],
            "summary": {
                "covered_lines": 0,
                "num_statements": 0,
                "percent_covered": 100.0,
                "percent_covered_display": "100",
                "missing_lines": 0,
                "excluded_lines": 0
            },
            "missing_lines": [],
            "excluded_lines": []
        },
        "cluster/tests/test_forms.py": {
            "executed_lines": [
                1,
                2,
                3,
                4,
                5,
                6,
                7,
                8,
                10,
                12,
                13,
                15,
                16,
                26,
                29,
                30,
                31,
                32,
                34,
                35,
                36,
                39,
                47,
                60,
                68,
                76,
                77,
                78,
                80,
                81,
                82,
                84,
                86,
                87,
                89,
                90,
                91,
                92,
                93,
                95,
                97,
                99,
                100,
                101,
                102,
                103,
                104,
                106,
                109,
                110,
                111
            ],
            "summary": {
                "covered_lines": 51,
                "num_statements": 51,
                "percent_covered": 100.0,
                "percent_covered_display": "100",
                "missing_lines": 0,
                "excluded_lines": 0
            },
            "missing_lines": [],
            "excluded_lines": []
        },
        "cluster/tests/test_urls.py": {
            "executed_lines": [
                1,
                2,
                3,
                4,
                5,
                6,
                7,
                22,
                24,
                25,
                28,
                29,
                32,
                35,
                46,
                49,
                50,
                52,
                53,
                63,
                74,
                78,
                79,
                80,
                82,
                83,
                84,
                86,
                87,
                88,
                90,
                91,
                92,
                94,
                95,
                96,
                98,
                102,
                103,
                104,
                106,
                107,
                108,
                110,
                114,
                115,
                116,
                118,
                119,
                120,
                122,
                123,
                124,
                126,
                127,
                128,
                130,
                131,
                132,
                133
            ],
            "summary": {
                "covered_lines": 60,
                "num_statements": 62,
                "percent_covered": 96.7741935483871,
                "percent_covered_display": "97",
                "missing_lines": 2,
                "excluded_lines": 0
            },
            "missing_lines": [
                99,
                100
            ],
            "excluded_lines": []
        },
        "cluster/tests/test_views.py": {
            "executed_lines": [
                1,
                2,
                3,
                4,
                5,
                6,
                7,
                9,
                11,
                12,
                15,
                18,
                29,
                32,
                33,
                34,
                35,
                37,
                38,
                39,
                41,
                49,
                61,
                62,
                63,
                65,
                67,
                68,
                70,
                72,
                73,
                83,
                84,
                86,
                89,
                90,
                94,
                95,
                96,
                97,
                99,
                100,
                102,
                103,
                104,
                105,
                107,
                108,
                110,
                111,
                112,
                121,
                122,
                124,
                126,
                127,
                129,
                130,
                131,
                132,
                134,
                136,
                137,
                140,
                141,
                142,
                144,
                145,
                146,
                148,
                149,
                150,
                152,
                153,
                154,
                156,
                157,
                158,
                160,
                161,
                162,
                164,
                165,
                166,
                168,
                169,
                170,
                172,
                175,
                176,
                177,
                179,
                181,
                182,
                184,
                185,
                186,
                188,
                189,
                190,
                192,
                193,
                194,
                196,
                197,
                198,
                201,
                202,
                203
            ],
            "summary": {
                "covered_lines": 109,
                "num_statements": 109,
                "percent_covered": 100.0,
                "percent_covered_display": "100",
                "missing_lines": 0,
                "excluded_lines": 0
            },
            "missing_lines": [],
            "excluded_lines": []
        },
        "cluster/urls.py": {
            "executed_lines": [
                1,
                2,
                18,
                20
            ],
            "summary": {
                "covered_lines": 4,
                "num_statements": 4,
                "percent_covered": 100.0,
                "percent_covered_display": "100",
                "missing_lines": 0,
                "excluded_lines": 0
            },
            "missing_lines": [],
            "excluded_lines": []
        },
        "cluster/views.py": {
            "executed_lines": [
                1,
                2,
                3,
                4,
                5,
                6,
                7,
                8,
                9,
                17,
                27,
                31,
                33,
                34,
                44,
                45,
                46,
                48,
                49,
                50,
                51,
                53,
                55,
                56,
                58,
                59,
                60,
                61,
                63,
                64,
                65,
                66,
                67,
                68,
                70,
                71,
                72,
                73,
                74,
                75,
                76,
                77,
                78,
                80,
                81,
                82,
                83,
                84,
                85,
                94,
                95,
                97,
                98,
                99,
                100,
                101,
                109,
                110,
                114,
                116,
                117,
                118,
                120,
                121,
                122,
                125,
                127,
                138,
                143,
                145,
                146,
                147,
                150,
                152,
                153,
                156,
                157,
                159,
                160,
                161,
                162,
                166,
                168,
                169,
                170,
                171,
                173,
                174,
                175,
                176,
                187,
                189,
                190,
                191,
                192,
                194,
                195,
                200,
                202,
                224,
                227,
                228,
                230,
                232,
                234,
                235,
                237,
                238,
                242,
                252,
                253,
                255,
                256,
                257,
                258,
                260,
                261,
                262,
                263,
                267,
                269,
                273,
                275,
                276,
                281,
                283,
                294,
                298,
                299,
                300,
                301,
                311,
                313,
                314,
                315,
                316,
                318,
                319,
                324,
                326,
                343,
                347,
                348,
                349,
                351,
                357,
                364,
                377
            ],
            "summary": {
                "covered_lines": 148,
                "num_statements": 222,
                "percent_covered": 66.66666666666667,
                "percent_covered_display": "67",
                "missing_lines": 74,
                "excluded_lines": 0
            },
            "missing_lines": [
                128,
                129,
                130,
                131,
                132,
                133,
                134,
                135,
                136,
                139,
                140,
                141,
                163,
                164,
                197,
                198,
                203,
                205,
                206,
                207,
                208,
                209,
                210,
                211,
                212,
                213,
                214,
                225,
                240,
                241,
                278,
                279,
                284,
                285,
                286,
                287,
                288,
                289,
                290,
                291,
                292,
                295,
                321,
                322,
                327,
                328,
                329,
                330,
                331,
                332,
                335,
                336,
                338,
                339,
                340,
                344,
                352,
                353,
                354,
                358,
                359,
                360,
                361,
                365,
                366,
                367,
                369,
                370,
                371,
                372,
                373,
                374,
                375,
                378
            ],
            "excluded_lines": []
        },
        "manage.py": {
            "executed_lines": [
                2,
                3,
                4,
                7,
                9,
                10,
                11,
                18,
                21,
                22
            ],
            "summary": {
                "covered_lines": 10,
                "num_statements": 12,
                "percent_covered": 83.33333333333333,
                "percent_covered_display": "83",
                "missing_lines": 2,
                "excluded_lines": 0
            },
            "missing_lines": [
                12,
                13
            ],
            "excluded_lines": []
        },
        "newsletter/__init__.py": {
            "executed_lines": [
                1
            ],
            "summary": {
                "covered_lines": 0,
                "num_statements": 0,
                "percent_covered": 100.0,
                "percent_covered_display": "100",
                "missing_lines": 0,
                "excluded_lines": 0
            },
            "missing_lines": [],
            "excluded_lines": []
        },
        "newsletter/migrations/__init__.py": {
            "executed_lines": [
                1
            ],
            "summary": {
                "covered_lines": 0,
                "num_statements": 0,
                "percent_covered": 100.0,
                "percent_covered_display": "100",
                "missing_lines": 0,
                "excluded_lines": 0
            },
            "missing_lines": [],
            "excluded_lines": []
        },
        "newsletter/tests.py": {
            "executed_lines": [
                1
            ],
            "summary": {
                "covered_lines": 1,
                "num_statements": 1,
                "percent_covered": 100.0,
                "percent_covered_display": "100",
                "missing_lines": 0,
                "excluded_lines": 0
            },
            "missing_lines": [],
            "excluded_lines": []
        },
        "users/__init__.py": {
            "executed_lines": [
                1
            ],
            "summary": {
                "covered_lines": 0,
                "num_statements": 0,
                "percent_covered": 100.0,
                "percent_covered_display": "100",
                "missing_lines": 0,
                "excluded_lines": 0
            },
            "missing_lines": [],
            "excluded_lines": []
        },
        "users/admin.py": {
            "executed_lines": [
                1,
                2,
                4
            ],
            "summary": {
                "covered_lines": 3,
                "num_statements": 3,
                "percent_covered": 100.0,
                "percent_covered_display": "100",
                "missing_lines": 0,
                "excluded_lines": 0
            },
            "missing_lines": [],
            "excluded_lines": []
        },
        "users/apps.py": {
            "executed_lines": [
                1,
                4,
                5,
                6
            ],
            "summary": {
                "covered_lines": 4,
                "num_statements": 4,
                "percent_covered": 100.0,
                "percent_covered_display": "100",
                "missing_lines": 0,
                "excluded_lines": 0
            },
            "missing_lines": [],
            "excluded_lines": []
        },
        "users/forms.py": {
            "executed_lines": [
                1,
                2,
                3,
                6,
                8,
                10,
                11,
                12,
                15,
                23,
                25,
                26,
                27,
                33,
                34
            ],
            "summary": {
                "covered_lines": 15,
                "num_statements": 15,
                "percent_covered": 100.0,
                "percent_covered_display": "100",
                "missing_lines": 0,
                "excluded_lines": 0
            },
            "missing_lines": [],
            "excluded_lines": []
        },
        "users/migrations/0001_initial.py": {
            "executed_lines": [
                3,
                4,
                5,
                6,
                9,
                11,
                13,
                17
            ],
            "summary": {
                "covered_lines": 8,
                "num_statements": 8,
                "percent_covered": 100.0,
                "percent_covered_display": "100",
                "missing_lines": 0,
                "excluded_lines": 0
            },
            "missing_lines": [],
            "excluded_lines": []
        },
        "users/migrations/0002_user_profile_picture.py": {
            "executed_lines": [
                3,
                6,
                8,
                12
            ],
            "summary": {
                "covered_lines": 4,
                "num_statements": 4,
                "percent_covered": 100.0,
                "percent_covered_display": "100",
                "missing_lines": 0,
                "excluded_lines": 0
            },
            "missing_lines": [],
            "excluded_lines": []
        },
        "users/migrations/__init__.py": {
            "executed_lines": [
                1
            ],
            "summary": {
                "covered_lines": 0,
                "num_statements": 0,
                "percent_covered": 100.0,
                "percent_covered_display": "100",
                "missing_lines": 0,
                "excluded_lines": 0
            },
            "missing_lines": [],
            "excluded_lines": []
        },
        "users/models.py": {
            "executed_lines": [
                1,
                2,
                5,
                6,
                7,
                10,
                11
            ],
            "summary": {
                "covered_lines": 7,
                "num_statements": 7,
                "percent_covered": 100.0,
                "percent_covered_display": "100",
                "missing_lines": 0,
                "excluded_lines": 0
            },
            "missing_lines": [],
            "excluded_lines": []
        },
        "users/tests/__init__.py": {
            "executed_lines": [
                1
            ],
            "summary": {
                "covered_lines": 0,
                "num_statements": 0,
                "percent_covered": 100.0,
                "percent_covered_display": "100",
                "missing_lines": 0,
                "excluded_lines": 0
            },
            "missing_lines": [],
            "excluded_lines": []
        },
        "users/tests/test_forms.py": {
            "executed_lines": [
                1
            ],
            "summary": {
                "covered_lines": 1,
                "num_statements": 1,
                "percent_covered": 100.0,
                "percent_covered_display": "100",
                "missing_lines": 0,
                "excluded_lines": 0
            },
            "missing_lines": [],
            "excluded_lines": []
        },
        "users/tests/test_urls.py": {
            "executed_lines": [
                1,
                2,
                3,
                4,
                5,
                6,
                7,
                10,
                12,
                13,
                16,
                17,
                20,
                23,
                34,
                37,
                38,
                40,
                46,
                56,
                67,
                71,
                72,
                73,
                74,
                75,
                77,
                78,
                79,
                80,
                81,
                83,
                84,
                85,
                86,
                87,
                90
            ],
            "summary": {
                "covered_lines": 37,
                "num_statements": 37,
                "percent_covered": 100.0,
                "percent_covered_display": "100",
                "missing_lines": 0,
                "excluded_lines": 0
            },
            "missing_lines": [],
            "excluded_lines": []
        },
        "users/tests/test_views.py": {
            "executed_lines": [
                1
            ],
            "summary": {
                "covered_lines": 1,
                "num_statements": 1,
                "percent_covered": 100.0,
                "percent_covered_display": "100",
                "missing_lines": 0,
                "excluded_lines": 0
            },
            "missing_lines": [],
            "excluded_lines": []
        },
        "users/urls.py": {
            "executed_lines": [
                1,
                2,
                5,
                7
            ],
            "summary": {
                "covered_lines": 4,
                "num_statements": 4,
                "percent_covered": 100.0,
                "percent_covered_display": "100",
                "missing_lines": 0,
                "excluded_lines": 0
            },
            "missing_lines": [],
            "excluded_lines": []
        },
        "users/views.py": {
            "executed_lines": [
                1,
                2,
                3,
                4,
                5,
                6,
                7,
                8,
                9,
                11,
                13,
                14,
                15,
                17,
                20,
                23,
                24,
                26,
                27,
                28,
                29,
                30,
                33,
                34,
                35,
                36,
                37,
                38,
                39,
                41,
                42,
                44,
                45,
                46,
                47,
                49,
                50,
                51,
                53,
                56,
                59,
                60,
                63,
                64,
                65,
                67,
                87
            ],
            "summary": {
                "covered_lines": 47,
                "num_statements": 65,
                "percent_covered": 72.3076923076923,
                "percent_covered_display": "72",
                "missing_lines": 18,
                "excluded_lines": 0
            },
            "missing_lines": [
                18,
                21,
                31,
                32,
                52,
                57,
                69,
                70,
                71,
                75,
                76,
                77,
                78,
                79,
                80,
                83,
                85,
                88
            ],
            "excluded_lines": []
        }
    },
    "totals": {
        "covered_lines": 866,
        "num_statements": 999,
        "percent_covered": 86.68668668668668,
        "percent_covered_display": "87",
        "missing_lines": 133,
        "excluded_lines": 0
    }
}